<?xml version="1.0" encoding="UTF-8"?>
<testsuite xmlns:xsi="http://www.w3.org/2001/XMLSchema-instance" xsi:noNamespaceSchemaLocation="https://maven.apache.org/surefire/maven-surefire-plugin/xsd/surefire-test-report.xsd" name="com.frolf.AppTest" time="0.078" tests="1" errors="0" skipped="0" failures="0">
  <properties>
    <property name="java.specification.version" value="17"/>
    <property name="sun.cpu.isalist" value="amd64"/>
    <property name="sun.jnu.encoding" value="Cp1252"/>
    <property name="java.class.path" value="C:\Users\markZ\Documents\frolfdev\frolf-app\target\test-classes;C:\Users\markZ\Documents\frolfdev\frolf-app\target\classes;C:\Users\markZ\.m2\repository\junit\junit\4.11\junit-4.11.jar;C:\Users\markZ\.m2\repository\org\hamcrest\hamcrest-core\1.3\hamcrest-core-1.3.jar;C:\Users\markZ\.m2\repository\com\google\code\gson\gson\2.8.9\gson-2.8.9.jar;C:\Users\markZ\.m2\repository\com\sparkjava\spark-core\2.9.3\spark-core-2.9.3.jar;C:\Users\markZ\.m2\repository\org\slf4j\slf4j-api\1.7.25\slf4j-api-1.7.25.jar;C:\Users\markZ\.m2\repository\org\eclipse\jetty\jetty-server\9.4.31.v20200723\jetty-server-9.4.31.v20200723.jar;C:\Users\markZ\.m2\repository\javax\servlet\javax.servlet-api\3.1.0\javax.servlet-api-3.1.0.jar;C:\Users\markZ\.m2\repository\org\eclipse\jetty\jetty-http\9.4.31.v20200723\jetty-http-9.4.31.v20200723.jar;C:\Users\markZ\.m2\repository\org\eclipse\jetty\jetty-util\9.4.31.v20200723\jetty-util-9.4.31.v20200723.jar;C:\Users\markZ\.m2\repository\org\eclipse\jetty\jetty-io\9.4.31.v20200723\jetty-io-9.4.31.v20200723.jar;C:\Users\markZ\.m2\repository\org\eclipse\jetty\jetty-webapp\9.4.31.v20200723\jetty-webapp-9.4.31.v20200723.jar;C:\Users\markZ\.m2\repository\org\eclipse\jetty\jetty-xml\9.4.31.v20200723\jetty-xml-9.4.31.v20200723.jar;C:\Users\markZ\.m2\repository\org\eclipse\jetty\jetty-servlet\9.4.31.v20200723\jetty-servlet-9.4.31.v20200723.jar;C:\Users\markZ\.m2\repository\org\eclipse\jetty\jetty-security\9.4.31.v20200723\jetty-security-9.4.31.v20200723.jar;C:\Users\markZ\.m2\repository\org\eclipse\jetty\websocket\websocket-server\9.4.31.v20200723\websocket-server-9.4.31.v20200723.jar;C:\Users\markZ\.m2\repository\org\eclipse\jetty\websocket\websocket-common\9.4.31.v20200723\websocket-common-9.4.31.v20200723.jar;C:\Users\markZ\.m2\repository\org\eclipse\jetty\websocket\websocket-client\9.4.31.v20200723\websocket-client-9.4.31.v20200723.jar;C:\Users\markZ\.m2\repository\org\eclipse\jetty\jetty-client\9.4.31.v20200723\jetty-client-9.4.31.v20200723.jar;C:\Users\markZ\.m2\repository\org\eclipse\jetty\websocket\websocket-servlet\9.4.31.v20200723\websocket-servlet-9.4.31.v20200723.jar;C:\Users\markZ\.m2\repository\org\eclipse\jetty\websocket\websocket-api\9.4.31.v20200723\websocket-api-9.4.31.v20200723.jar;"/>
    <property name="java.vm.vendor" value="Oracle Corporation"/>
    <property name="sun.arch.data.model" value="64"/>
    <property name="user.variant" value=""/>
    <property name="java.vendor.url" value="https://java.oracle.com/"/>
    <property name="user.timezone" value="America/New_York"/>
    <property name="os.name" value="Windows 10"/>
    <property name="java.vm.specification.version" value="17"/>
    <property name="sun.java.launcher" value="SUN_STANDARD"/>
    <property name="user.country" value="US"/>
    <property name="sun.boot.library.path" value="C:\Program Files\Java\jdk-17.0.1\bin"/>
    <property name="sun.java.command" value="C:\Users\markZ\AppData\Local\Temp\surefire13832723254799957920\surefirebooter13156976472621815346.jar C:\Users\markZ\AppData\Local\Temp\surefire13832723254799957920 2023-07-13T19-17-18_366-jvmRun1 surefire5196317188739215391tmp surefire_016681298889090941017tmp"/>
    <property name="jdk.debug" value="release"/>
    <property name="surefire.test.class.path" value="C:\Users\markZ\Documents\frolfdev\frolf-app\target\test-classes;C:\Users\markZ\Documents\frolfdev\frolf-app\target\classes;C:\Users\markZ\.m2\repository\junit\junit\4.11\junit-4.11.jar;C:\Users\markZ\.m2\repository\org\hamcrest\hamcrest-core\1.3\hamcrest-core-1.3.jar;C:\Users\markZ\.m2\repository\com\google\code\gson\gson\2.8.9\gson-2.8.9.jar;C:\Users\markZ\.m2\repository\com\sparkjava\spark-core\2.9.3\spark-core-2.9.3.jar;C:\Users\markZ\.m2\repository\org\slf4j\slf4j-api\1.7.25\slf4j-api-1.7.25.jar;C:\Users\markZ\.m2\repository\org\eclipse\jetty\jetty-server\9.4.31.v20200723\jetty-server-9.4.31.v20200723.jar;C:\Users\markZ\.m2\repository\javax\servlet\javax.servlet-api\3.1.0\javax.servlet-api-3.1.0.jar;C:\Users\markZ\.m2\repository\org\eclipse\jetty\jetty-http\9.4.31.v20200723\jetty-http-9.4.31.v20200723.jar;C:\Users\markZ\.m2\repository\org\eclipse\jetty\jetty-util\9.4.31.v20200723\jetty-util-9.4.31.v20200723.jar;C:\Users\markZ\.m2\repository\org\eclipse\jetty\jetty-io\9.4.31.v20200723\jetty-io-9.4.31.v20200723.jar;C:\Users\markZ\.m2\repository\org\eclipse\jetty\jetty-webapp\9.4.31.v20200723\jetty-webapp-9.4.31.v20200723.jar;C:\Users\markZ\.m2\repository\org\eclipse\jetty\jetty-xml\9.4.31.v20200723\jetty-xml-9.4.31.v20200723.jar;C:\Users\markZ\.m2\repository\org\eclipse\jetty\jetty-servlet\9.4.31.v20200723\jetty-servlet-9.4.31.v20200723.jar;C:\Users\markZ\.m2\repository\org\eclipse\jetty\jetty-security\9.4.31.v20200723\jetty-security-9.4.31.v20200723.jar;C:\Users\markZ\.m2\repository\org\eclipse\jetty\websocket\websocket-server\9.4.31.v20200723\websocket-server-9.4.31.v20200723.jar;C:\Users\markZ\.m2\repository\org\eclipse\jetty\websocket\websocket-common\9.4.31.v20200723\websocket-common-9.4.31.v20200723.jar;C:\Users\markZ\.m2\repository\org\eclipse\jetty\websocket\websocket-client\9.4.31.v20200723\websocket-client-9.4.31.v20200723.jar;C:\Users\markZ\.m2\repository\org\eclipse\jetty\jetty-client\9.4.31.v20200723\jetty-client-9.4.31.v20200723.jar;C:\Users\markZ\.m2\repository\org\eclipse\jetty\websocket\websocket-servlet\9.4.31.v20200723\websocket-servlet-9.4.31.v20200723.jar;C:\Users\markZ\.m2\repository\org\eclipse\jetty\websocket\websocket-api\9.4.31.v20200723\websocket-api-9.4.31.v20200723.jar;"/>
    <property name="sun.cpu.endian" value="little"/>
    <property name="user.home" value="C:\Users\markZ"/>
    <property name="user.language" value="en"/>
    <property name="java.specification.vendor" value="Oracle Corporation"/>
    <property name="java.version.date" value="2021-10-19"/>
    <property name="java.home" value="C:\Program Files\Java\jdk-17.0.1"/>
    <property name="file.separator" value="\"/>
    <property name="basedir" value="C:\Users\markZ\Documents\frolfdev\frolf-app"/>
    <property name="java.vm.compressedOopsMode" value="Zero based"/>
    <property name="line.separator" value="&#10;"/>
    <property name="java.vm.specification.vendor" value="Oracle Corporation"/>
    <property name="java.specification.name" value="Java Platform API Specification"/>
    <property name="surefire.real.class.path" value="C:\Users\markZ\AppData\Local\Temp\surefire13832723254799957920\surefirebooter13156976472621815346.jar"/>
    <property name="user.script" value=""/>
    <property name="sun.management.compiler" value="HotSpot 64-Bit Tiered Compilers"/>
    <property name="java.runtime.version" value="17.0.1+12-LTS-39"/>
    <property name="user.name" value="markZ"/>
    <property name="path.separator" value=";"/>
    <property name="os.version" value="10.0"/>
    <property name="java.runtime.name" value="Java(TM) SE Runtime Environment"/>
    <property name="file.encoding" value="Cp1252"/>
    <property name="java.vm.name" value="Java HotSpot(TM) 64-Bit Server VM"/>
    <property name="localRepository" value="C:\Users\markZ\.m2\repository"/>
    <property name="java.vendor.url.bug" value="https://bugreport.java.com/bugreport/"/>
    <property name="java.io.tmpdir" value="C:\Users\markZ\AppData\Local\Temp\"/>
    <property name="java.version" value="17.0.1"/>
    <property name="user.dir" value="C:\Users\markZ\Documents\frolfdev\frolf-app"/>
    <property name="os.arch" value="amd64"/>
    <property name="java.vm.specification.name" value="Java Virtual Machine Specification"/>
    <property name="sun.os.patch.level" value=""/>
    <property name="native.encoding" value="Cp1252"/>
    <property name="java.library.path" value="C:\Program Files\Java\jdk-17.0.1\bin;C:\WINDOWS\Sun\Java\bin;C:\WINDOWS\system32;C:\WINDOWS;C:\Program Files\Common Files\Oracle\Java\javapath;C:\Program Files (x86)\Common Files\Oracle\Java\javapath;C:\WINDOWS\system32;C:\WINDOWS;C:\WINDOWS\System32\Wbem;C:\WINDOWS\System32\WindowsPowerShell\v1.0\;C:\WINDOWS\System32\OpenSSH\;C:\Program Files\dotnet\;C:\Program Files\Git\cmd;C:\Users\markZ\Downloads\apache-maven-3.8.6\bin;C:\Program Files\Java\jdk-17.0.1\bin;C:\Program Files\nodejs\;C:\Program Files\nodejs\node_modules\npm\bin\;C:\src\flutter\flutter\bin;C:\Program Files\Microsoft SQL Server\130\Tools\Binn\;C:\Users\markZ\.cargo\bin;C:\Users\markZ\AppData\Local\Microsoft\WindowsApps;C:\Users\markZ\AppData\Local\Programs\Microsoft VS Code\bin;C:\Users\markZ\AppData\Local\GitHubDesktop\bin;C:\Users\markZ\AppData\Roaming\npm;C:\Program Files\heroku\bin;;."/>
    <property name="java.vm.info" value="mixed mode, sharing"/>
    <property name="java.vendor" value="Oracle Corporation"/>
    <property name="java.vm.version" value="17.0.1+12-LTS-39"/>
    <property name="sun.io.unicode.encoding" value="UnicodeLittle"/>
    <property name="java.class.version" value="61.0"/>
  </properties>
  <testcase name="shouldAnswerWithTrue" classname="com.frolf.AppTest" time="0.004"/>
</testsuite>